0 info it worked if it ends with ok
1 verbose cli [ '/usr/local/Cellar/node/7.2.1/bin/node',
1 verbose cli   '/usr/local/lib/node_modules/cnpm/node_modules/.bin/npm',
1 verbose cli   '--userconfig=/Users/cls/.cnpmrc',
1 verbose cli   '--disturl=https://npm.taobao.org/mirrors/node',
1 verbose cli   '--registry=https://registry.npm.taobao.org',
1 verbose cli   'run',
1 verbose cli   'docker-build' ]
2 info using npm@3.10.10
3 info using node@v7.2.1
4 verbose run-script [ 'predocker-build', 'docker-build', 'postdocker-build' ]
5 info lifecycle angular-quickstart@1.0.0~predocker-build: angular-quickstart@1.0.0
6 silly lifecycle angular-quickstart@1.0.0~predocker-build: no script for predocker-build, continuing
7 info lifecycle angular-quickstart@1.0.0~docker-build: angular-quickstart@1.0.0
8 verbose lifecycle angular-quickstart@1.0.0~docker-build: unsafe-perm in lifecycle true
9 verbose lifecycle angular-quickstart@1.0.0~docker-build: PATH: /usr/local/lib/node_modules/cnpm/node_modules/npm/bin/node-gyp-bin:/Users/cls/Dev/Git/personal/demo.caols.tech/hive/angular/node_modules/.bin:/usr/local/Cellar/node/7.2.1/bin:/usr/local/bin:/usr/bin:/bin:/usr/sbin:/sbin
10 verbose lifecycle angular-quickstart@1.0.0~docker-build: CWD: /Users/cls/Dev/Git/personal/demo.caols.tech/hive/angular
11 silly lifecycle angular-quickstart@1.0.0~docker-build: Args: [ '-c', 'docker build -t ng2-quickstart .' ]
12 silly lifecycle angular-quickstart@1.0.0~docker-build: Returned: code: 1  signal: null
13 info lifecycle angular-quickstart@1.0.0~docker-build: Failed to exec docker-build script
14 verbose stack Error: angular-quickstart@1.0.0 docker-build: `docker build -t ng2-quickstart .`
14 verbose stack Exit status 1
14 verbose stack     at EventEmitter.<anonymous> (/usr/local/lib/node_modules/cnpm/node_modules/npm/lib/utils/lifecycle.js:255:16)
14 verbose stack     at emitTwo (events.js:106:13)
14 verbose stack     at EventEmitter.emit (events.js:191:7)
14 verbose stack     at ChildProcess.<anonymous> (/usr/local/lib/node_modules/cnpm/node_modules/npm/lib/utils/spawn.js:40:14)
14 verbose stack     at emitTwo (events.js:106:13)
14 verbose stack     at ChildProcess.emit (events.js:191:7)
14 verbose stack     at maybeClose (internal/child_process.js:885:16)
14 verbose stack     at Process.ChildProcess._handle.onexit (internal/child_process.js:226:5)
15 verbose pkgid angular-quickstart@1.0.0
16 verbose cwd /Users/cls/Dev/Git/personal/demo.caols.tech/hive/angular
17 error Darwin 16.4.0
18 error argv "/usr/local/Cellar/node/7.2.1/bin/node" "/usr/local/lib/node_modules/cnpm/node_modules/.bin/npm" "--userconfig=/Users/cls/.cnpmrc" "--disturl=https://npm.taobao.org/mirrors/node" "--registry=https://registry.npm.taobao.org" "run" "docker-build"
19 error node v7.2.1
20 error npm  v3.10.10
21 error code ELIFECYCLE
22 error angular-quickstart@1.0.0 docker-build: `docker build -t ng2-quickstart .`
22 error Exit status 1
23 error Failed at the angular-quickstart@1.0.0 docker-build script 'docker build -t ng2-quickstart .'.
23 error Make sure you have the latest version of node.js and npm installed.
23 error If you do, this is most likely a problem with the angular-quickstart package,
23 error not with npm itself.
23 error Tell the author that this fails on your system:
23 error     docker build -t ng2-quickstart .
23 error You can get information on how to open an issue for this project with:
23 error     npm bugs angular-quickstart
23 error Or if that isn't available, you can get their info via:
23 error     npm owner ls angular-quickstart
23 error There is likely additional logging output above.
24 verbose exit [ 1, true ]
